17:16:10 **** Incremental Build of configuration Nios II for project ascon_system ****
make all 
Info: Building ../ascon_system_bsp/
C:/intelFPGA_lite/18.1/nios2eds/bin/gnu/H-x86_64-mingw32/bin/make --no-print-directory -C ../ascon_system_bsp/
[BSP build complete]
Info: Compiling hello_world.c to obj/default/hello_world.o
nios2-elf-gcc -xc -MP -MMD -c -I../ascon_system_bsp//HAL/inc -I../ascon_system_bsp/ -I../ascon_system_bsp//drivers/inc  -pipe -D__hal__ -DALT_NO_INSTRUCTION_EMULATION -DALT_USE_SMALL_DRIVERS -DALT_SIM_OPTIMIZE -DSMALL_C_LIB -DALT_SINGLE_THREADED    -O0 -g -Wall   -mno-hw-div -mno-hw-mul -mno-hw-mulx -mgpopt=global  -o obj/default/hello_world.o hello_world.c
Info: Linking RUN_ON_HDL_SIMULATOR_ONLY_ascon_system.elf
nios2-elf-g++  -T'../ascon_system_bsp//linker.x' -msys-crt0='../ascon_system_bsp//obj/HAL/src/crt0.o' -msys-lib=hal_bsp -L../ascon_system_bsp/  -msmallc  -Wl,-Map=RUN_ON_HDL_SIMULATOR_ONLY_ascon_system.map   -O0 -g -Wall   -mno-hw-div -mno-hw-mul -mno-hw-mulx -mgpopt=global  -o RUN_ON_HDL_SIMULATOR_ONLY_ascon_system.elf obj/default/hello_world.o -lm -msys-lib=m
nios2-elf-insert RUN_ON_HDL_SIMULATOR_ONLY_ascon_system.elf --thread_model hal --cpu_name nios2_gen2_0 --qsys true --simulation_enabled false --stderr_dev jtag_uart_0 --stdin_dev jtag_uart_0 --stdout_dev jtag_uart_0 --sopc_system_name system --quartus_project_dir "C:/ASCON_SYSTEM" --jdi ../..//output_files/ascon_system.jdi --sopcinfo C:/ASCON_SYSTEM/software/ascon_system_bsp/../../system.sopcinfo
Info: (RUN_ON_HDL_SIMULATOR_ONLY_ascon_system.elf) 13 KBytes program size (code + initialized data).
Info:                                              17 KBytes free for stack + heap.
Info: Creating RUN_ON_HDL_SIMULATOR_ONLY_ascon_system.objdump
nios2-elf-objdump --disassemble --syms --all-header --source RUN_ON_HDL_SIMULATOR_ONLY_ascon_system.elf >RUN_ON_HDL_SIMULATOR_ONLY_ascon_system.objdump
[RUN_ON_HDL_SIMULATOR_ONLY_ascon_system build complete]
17:17:03 **** Build of configuration Nios II for project ascon_system ****
make all 
Info: Building ../ascon_system_bsp/
C:/intelFPGA_lite/18.1/nios2eds/bin/gnu/H-x86_64-mingw32/bin/make --no-print-directory -C ../ascon_system_bsp/
[BSP build complete]
[RUN_ON_HDL_SIMULATOR_ONLY_ascon_system build complete]
17:17:05 **** Incremental Build of configuration Nios II for project ascon_system ****
make all 
Info: Building ../ascon_system_bsp/
C:/intelFPGA_lite/18.1/nios2eds/bin/gnu/H-x86_64-mingw32/bin/make --no-print-directory -C ../ascon_system_bsp/
[BSP build complete]
[RUN_ON_HDL_SIMULATOR_ONLY_ascon_system build complete]
