Flow report for ascon_system
Fri Jul 11 14:12:44 2025
Quartus Prime Version 18.1.0 Build 625 09/12/2018 SJ Lite Edition


---------------------
; Table of Contents ;
---------------------
  1. Legal Notice
  2. Flow Summary
  3. Flow Settings
  4. Flow Non-Default Global Settings
  5. Flow Elapsed Time
  6. Flow OS Summary
  7. Flow Log
  8. Flow Messages
  9. Flow Suppressed Messages



----------------
; Legal Notice ;
----------------
Copyright (C) 2018  Intel Corporation. All rights reserved.
Your use of Intel Corporation's design tools, logic functions 
and other software and tools, and its AMPP partner logic 
functions, and any output files from any of the foregoing 
(including device programming or simulation files), and any 
associated documentation or information are expressly subject 
to the terms and conditions of the Intel Program License 
Subscription Agreement, the Intel Quartus Prime License Agreement,
the Intel FPGA IP License Agreement, or other applicable license
agreement, including, without limitation, that your use is for
the sole purpose of programming logic devices manufactured by
Intel and sold by Intel or its authorized distributors.  Please
refer to the applicable agreement for further details.



+-------------------------------------------------------------------------------+
; Flow Summary                                                                  ;
+---------------------------------+---------------------------------------------+
; Flow Status                     ; Successful - Fri Jul 11 14:11:51 2025       ;
; Quartus Prime Version           ; 18.1.0 Build 625 09/12/2018 SJ Lite Edition ;
; Revision Name                   ; ascon_system                                ;
; Top-level Entity Name           ; ascon_system                                ;
; Family                          ; Cyclone V                                   ;
; Device                          ; 5CSXFC6D6F31C6                              ;
; Timing Models                   ; Final                                       ;
; Logic utilization (in ALMs)     ; 7,293 / 41,910 ( 17 % )                     ;
; Total registers                 ; 5870                                        ;
; Total pins                      ; 2 / 499 ( < 1 % )                           ;
; Total virtual pins              ; 0                                           ;
; Total block memory bits         ; 360,100 / 5,662,720 ( 6 % )                 ;
; Total DSP Blocks                ; 0 / 112 ( 0 % )                             ;
; Total HSSI RX PCSs              ; 0 / 9 ( 0 % )                               ;
; Total HSSI PMA RX Deserializers ; 0 / 9 ( 0 % )                               ;
; Total HSSI TX PCSs              ; 0 / 9 ( 0 % )                               ;
; Total HSSI PMA TX Serializers   ; 0 / 9 ( 0 % )                               ;
; Total PLLs                      ; 1 / 15 ( 7 % )                              ;
; Total DLLs                      ; 0 / 4 ( 0 % )                               ;
+---------------------------------+---------------------------------------------+


+-----------------------------------------+
; Flow Settings                           ;
+-------------------+---------------------+
; Option            ; Setting             ;
+-------------------+---------------------+
; Start date & time ; 07/11/2025 14:02:08 ;
; Main task         ; Compilation         ;
; Revision Name     ; ascon_system        ;
+-------------------+---------------------+


+----------------------------------------------------------------------------------------------------------------------------------+
; Flow Non-Default Global Settings                                                                                                 ;
+-------------------------------------+----------------------------------------+---------------+----------------------+------------+
; Assignment Name                     ; Value                                  ; Default Value ; Entity Name          ; Section Id ;
+-------------------------------------+----------------------------------------+---------------+----------------------+------------+
; COMPILER_SIGNATURE_ID               ; 1097701471487.175221732707088          ; --            ; --                   ; --         ;
; MAX_CORE_JUNCTION_TEMP              ; 85                                     ; --            ; --                   ; --         ;
; MIN_CORE_JUNCTION_TEMP              ; 0                                      ; --            ; --                   ; --         ;
; PARTITION_COLOR                     ; -- (Not supported for targeted family) ; --            ; DE10_Standard_VIP_TV ; Top        ;
; PARTITION_COLOR                     ; -- (Not supported for targeted family) ; --            ; Soc                  ; Top        ;
; PARTITION_COLOR                     ; -- (Not supported for targeted family) ; --            ; --                   ; Top        ;
; PARTITION_FITTER_PRESERVATION_LEVEL ; -- (Not supported for targeted family) ; --            ; DE10_Standard_VIP_TV ; Top        ;
; PARTITION_FITTER_PRESERVATION_LEVEL ; -- (Not supported for targeted family) ; --            ; Soc                  ; Top        ;
; PARTITION_FITTER_PRESERVATION_LEVEL ; -- (Not supported for targeted family) ; --            ; --                   ; Top        ;
; PARTITION_NETLIST_TYPE              ; -- (Not supported for targeted family) ; --            ; DE10_Standard_VIP_TV ; Top        ;
; PARTITION_NETLIST_TYPE              ; -- (Not supported for targeted family) ; --            ; Soc                  ; Top        ;
; PARTITION_NETLIST_TYPE              ; -- (Not supported for targeted family) ; --            ; --                   ; Top        ;
; POWER_BOARD_THERMAL_MODEL           ; None (CONSERVATIVE)                    ; --            ; --                   ; --         ;
; POWER_PRESET_COOLING_SOLUTION       ; 23 MM HEAT SINK WITH 200 LFPM AIRFLOW  ; --            ; --                   ; --         ;
; PROJECT_OUTPUT_DIRECTORY            ; output_files                           ; --            ; --                   ; --         ;
+-------------------------------------+----------------------------------------+---------------+----------------------+------------+


+--------------------------------------------------------------------------------------------------------------------------+
; Flow Elapsed Time                                                                                                        ;
+----------------------+--------------+-------------------------+---------------------+------------------------------------+
; Module Name          ; Elapsed Time ; Average Processors Used ; Peak Virtual Memory ; Total CPU Time (on all processors) ;
+----------------------+--------------+-------------------------+---------------------+------------------------------------+
; Analysis & Synthesis ; 00:04:34     ; 1.6                     ; 5118 MB             ; 00:06:12                           ;
; Fitter               ; 00:04:23     ; 1.3                     ; 6809 MB             ; 00:10:52                           ;
; Assembler            ; 00:00:29     ; 1.0                     ; 4980 MB             ; 00:00:23                           ;
; Timing Analyzer      ; 00:00:51     ; 2.9                     ; 5418 MB             ; 00:01:50                           ;
; Total                ; 00:10:17     ; --                      ; --                  ; 00:19:17                           ;
+----------------------+--------------+-------------------------+---------------------+------------------------------------+


+------------------------------------------------------------------------------------+
; Flow OS Summary                                                                    ;
+----------------------+------------------+------------+------------+----------------+
; Module Name          ; Machine Hostname ; OS Name    ; OS Version ; Processor type ;
+----------------------+------------------+------------+------------+----------------+
; Analysis & Synthesis ; NgocMan          ; Windows 10 ; 10.0       ; x86_64         ;
; Fitter               ; NgocMan          ; Windows 10 ; 10.0       ; x86_64         ;
; Assembler            ; NgocMan          ; Windows 10 ; 10.0       ; x86_64         ;
; Timing Analyzer      ; NgocMan          ; Windows 10 ; 10.0       ; x86_64         ;
+----------------------+------------------+------------+------------+----------------+


------------
; Flow Log ;
------------
quartus_map --read_settings_files=on --write_settings_files=off ascon_system -c ascon_system
quartus_fit --read_settings_files=off --write_settings_files=off ascon_system -c ascon_system
quartus_asm --read_settings_files=off --write_settings_files=off ascon_system -c ascon_system
quartus_sta ascon_system -c ascon_system



